<?xml version="1.0" encoding="UTF-8"?>
<!-- Generated by org.testng.reporters.JUnitReportReporter -->
<testsuite hostname="DESKTOP-DMBCJ4C" failures="0" tests="1" name="com.Super_Admin.TC_Login_Test" time="11.819" errors="0" timestamp="2022-07-18T15:50:16 IST" skipped="0">
  <testcase classname="com.Super_Admin.TC_Login_Test" name="Admin_Login" time="11.819"/>
  <system-out/>
</testsuite> <!-- com.Super_Admin.TC_Login_Test -->
