<?xml version="1.0" encoding="UTF-8"?>
<!-- Generated by org.testng.reporters.JUnitReportReporter -->
<testsuite hostname="DESKTOP-DMBCJ4C" failures="0" tests="8" name="com.Super_Admin.TC_Special_Offer_Project" time="813.120" errors="0" timestamp="2022-07-18T15:50:16 IST" skipped="0">
  <testcase classname="com.Super_Admin.TC_Special_Offer_Project" name="New_Project" time="4.931"/>
  <system-out/>
  <testcase classname="com.Super_Admin.TC_Special_Offer_Project" name="Select_Contractor" time="43.307"/>
  <system-out/>
  <testcase classname="com.Super_Admin.TC_Special_Offer_Project" name="Credit_Application_Tab" time="47.177"/>
  <system-out/>
  <testcase classname="com.Super_Admin.TC_Special_Offer_Project" name="Login_to_Credit_Portal" time="11.841"/>
  <system-out/>
  <testcase classname="com.Super_Admin.TC_Special_Offer_Project" name="View_UNS_Project" time="218.939"/>
  <system-out/>
  <testcase classname="com.Super_Admin.TC_Special_Offer_Project" name="Submit_SO_Contract" time="179.637"/>
  <system-out/>
  <testcase classname="com.Super_Admin.TC_Special_Offer_Project" name="Submit_NTP" time="149.787"/>
  <system-out/>
  <testcase classname="com.Super_Admin.TC_Special_Offer_Project" name="Funding_Tab" time="157.501"/>
  <system-out/>
</testsuite> <!-- com.Super_Admin.TC_Special_Offer_Project -->
