<?xml version="1.0" encoding="UTF-8"?>
<!-- Generated by org.testng.reporters.JUnitReportReporter -->
<testsuite hostname="DESKTOP-DMBCJ4C" failures="0" tests="6" name="com.Super_Admin.TC_Test_With_Two_Signer" time="628.469" errors="0" timestamp="2022-07-18T15:50:16 IST" skipped="0">
  <testcase classname="com.Super_Admin.TC_Test_With_Two_Signer" name="New_Project" time="4.613"/>
  <system-out/>
  <testcase classname="com.Super_Admin.TC_Test_With_Two_Signer" name="Select_Contractor" time="45.269"/>
  <system-out/>
  <testcase classname="com.Super_Admin.TC_Test_With_Two_Signer" name="Credit_Application_Tab" time="116.065"/>
  <system-out/>
  <testcase classname="com.Super_Admin.TC_Test_With_Two_Signer" name="Login_to_Credit_Portal" time="10.602"/>
  <system-out/>
  <testcase classname="com.Super_Admin.TC_Test_With_Two_Signer" name="View_Project" time="262.649"/>
  <system-out/>
  <testcase classname="com.Super_Admin.TC_Test_With_Two_Signer" name="Submit_Contract" time="189.271"/>
  <system-out/>
</testsuite> <!-- com.Super_Admin.TC_Test_With_Two_Signer -->
