<?xml version="1.0" encoding="UTF-8"?>
<!-- Generated by org.testng.reporters.JUnitReportReporter -->
<testsuite hostname="DESKTOP-DMBCJ4C" failures="0" tests="8" name="com.Super_Admin.TC_UNS_Project" time="703.432" errors="0" timestamp="2022-07-18T15:50:16 IST" skipped="0">
  <testcase classname="com.Super_Admin.TC_UNS_Project" name="New_Project" time="4.856"/>
  <system-out/>
  <testcase classname="com.Super_Admin.TC_UNS_Project" name="Select_Contractor" time="43.595"/>
  <system-out/>
  <testcase classname="com.Super_Admin.TC_UNS_Project" name="Credit_Application_Tab" time="46.635"/>
  <system-out/>
  <testcase classname="com.Super_Admin.TC_UNS_Project" name="Login_to_Credit_Portal" time="10.538"/>
  <system-out/>
  <testcase classname="com.Super_Admin.TC_UNS_Project" name="View_UNS_Project" time="167.770"/>
  <system-out/>
  <testcase classname="com.Super_Admin.TC_UNS_Project" name="Submit_UNS_Contract" time="124.587"/>
  <system-out/>
  <testcase classname="com.Super_Admin.TC_UNS_Project" name="Submit_NTP" time="121.370"/>
  <system-out/>
  <testcase classname="com.Super_Admin.TC_UNS_Project" name="Funding_Tab" time="184.081"/>
  <system-out/>
</testsuite> <!-- com.Super_Admin.TC_UNS_Project -->
