<?xml version="1.0" encoding="UTF-8"?>
<!-- Generated by org.testng.reporters.JUnitReportReporter -->
<testsuite hostname="DESKTOP-DMBCJ4C" failures="0" tests="4" name="com.Super_Admin.TC_Add_Applicant_After_Submit_Contract" time="224.072" errors="0" timestamp="2022-07-18T15:50:16 IST" skipped="0">
  <testcase classname="com.Super_Admin.TC_Add_Applicant_After_Submit_Contract" name="New_Project" time="4.542"/>
  <system-out/>
  <testcase classname="com.Super_Admin.TC_Add_Applicant_After_Submit_Contract" name="Select_Contractor" time="41.829"/>
  <system-out/>
  <testcase classname="com.Super_Admin.TC_Add_Applicant_After_Submit_Contract" name="Credit_Application_Tab" time="42.813"/>
  <system-out/>
  <testcase classname="com.Super_Admin.TC_Add_Applicant_After_Submit_Contract" name="Submit_Contract" time="134.888"/>
  <system-out/>
</testsuite> <!-- com.Super_Admin.TC_Add_Applicant_After_Submit_Contract -->
