<?xml version="1.0" encoding="UTF-8"?>
<!-- Generated by org.testng.reporters.JUnitReportReporter -->
<testsuite hostname="DESKTOP-DMBCJ4C" failures="0" tests="5" name="com.Super_Admin.TC_Income_Reminder" time="119.882" errors="0" timestamp="2022-07-18T15:50:16 IST" skipped="0">
  <testcase classname="com.Super_Admin.TC_Income_Reminder" name="New_Project" time="4.591"/>
  <system-out/>
  <testcase classname="com.Super_Admin.TC_Income_Reminder" name="Select_Contractor" time="41.551"/>
  <system-out/>
  <testcase classname="com.Super_Admin.TC_Income_Reminder" name="Credit_Application_Tab" time="46.716"/>
  <system-out/>
  <testcase classname="com.Super_Admin.TC_Income_Reminder" name="Login_to_Credit_Portal" time="10.243"/>
  <system-out/>
  <testcase classname="com.Super_Admin.TC_Income_Reminder" name="View_UNS_Project" time="16.781"/>
  <system-out/>
</testsuite> <!-- com.Super_Admin.TC_Income_Reminder -->
