<?xml version="1.0" encoding="UTF-8"?>
<!-- Generated by org.testng.reporters.JUnitReportReporter -->
<testsuite hostname="DESKTOP-DMBCJ4C" failures="0" tests="1" name="com.Super_Admin.TC_Create_PACE_Project_Test" time="96.894" errors="0" timestamp="2022-07-18T17:40:30 IST" skipped="0">
  <testcase classname="com.Super_Admin.TC_Create_PACE_Project_Test" name="Funding_Tab" time="96.894"/>
  <system-out/>
</testsuite> <!-- com.Super_Admin.TC_Create_PACE_Project_Test -->
