<?xml version="1.0" encoding="UTF-8"?>
<!-- Generated by org.testng.reporters.JUnitReportReporter -->
<testsuite hostname="DESKTOP-DMBCJ4C" failures="0" tests="4" name="com.Super_Admin.TC_Sign_on_browser_mail_and_reminder_function" time="173.856" errors="0" timestamp="2022-07-18T15:50:16 IST" skipped="0">
  <testcase classname="com.Super_Admin.TC_Sign_on_browser_mail_and_reminder_function" name="New_Project" time="4.605"/>
  <system-out/>
  <testcase classname="com.Super_Admin.TC_Sign_on_browser_mail_and_reminder_function" name="Select_Contractor" time="44.198"/>
  <system-out/>
  <testcase classname="com.Super_Admin.TC_Sign_on_browser_mail_and_reminder_function" name="Credit_Application_Tab" time="49.103"/>
  <system-out/>
  <testcase classname="com.Super_Admin.TC_Sign_on_browser_mail_and_reminder_function" name="Submit_UNS_Contract" time="75.950"/>
  <system-out/>
</testsuite> <!-- com.Super_Admin.TC_Sign_on_browser_mail_and_reminder_function -->
